# JRE version: OpenJDK Runtime Environment (21.0.9) (build 21.0.9+-14787801-b1163.94)
# Java VM: OpenJDK 64-Bit Server VM (21.0.9+-14787801-b1163.94, mixed mode, tiered, compressed oops, compressed class ptrs, g1 gc, windows-amd64)
GC Precious Log:
 CardTable entry size: 512
 Card Set container configuration: InlinePtr #cards 5 size 8 Array Of Cards #cards 12 size 40 Howl #buckets 4 coarsen threshold 1843 Howl Bitmap #cards 512 size 80 coarsen threshold 460 Card regions per heap region 1 cards per card region 2048
 CPUs: 8 total, 8 available
 Memory: 8029M
 Large Page Support: Disabled
 NUMA Support: Disabled
 Compressed Oops: Enabled (32-bit)
 Heap Region Size: 1M
 Heap Min Capacity: 8M
 Heap Initial Capacity: 126M
 Heap Max Capacity: 2G
 Pre-touch: Disabled
 Parallel Workers: 8
 Concurrent Workers: 2
 Concurrent Refinement Workers: 8
 Periodic GC: Disabled
Heap:
 garbage-first heap   total 95232K, used 67651K [0x0000000080000000, 0x0000000100000000)
  region size 1024K, 23 young (23552K), 5 survivors (5120K)
 Metaspace       used 70626K, committed 72512K, reserved 1114112K
  class space    used 10019K, committed 10944K, reserved 1048576K
GC Heap History (20 events):
Event: 65.544 GC heap before
{Heap before GC invocations=7 (full 0):
 garbage-first heap   total 68608K, used 47257K [0x0000000080000000, 0x0000000100000000)
  region size 1024K, 28 young (28672K), 4 survivors (4096K)
 Metaspace       used 35282K, committed 35968K, reserved 1114112K
  class space    used 4674K, committed 4992K, reserved 1048576K
}
Event: 65.551 GC heap after
{Heap after GC invocations=8 (full 0):
 garbage-first heap   total 68608K, used 25617K [0x0000000080000000, 0x0000000100000000)
  region size 1024K, 4 young (4096K), 4 survivors (4096K)
 Metaspace       used 35282K, committed 35968K, reserved 1114112K
  class space    used 4674K, committed 4992K, reserved 1048576K
}
Event: 66.857 GC heap before
{Heap before GC invocations=9 (full 0):
 garbage-first heap   total 68608K, used 59409K [0x0000000080000000, 0x0000000100000000)
  region size 1024K, 37 young (37888K), 4 survivors (4096K)
 Metaspace       used 39957K, committed 40896K, reserved 1114112K
  class space    used 5492K, committed 5952K, reserved 1048576K
}
Event: 66.865 GC heap after
{Heap after GC invocations=10 (full 0):
 garbage-first heap   total 68608K, used 27362K [0x0000000080000000, 0x0000000100000000)
  region size 1024K, 4 young (4096K), 4 survivors (4096K)
 Metaspace       used 39957K, committed 40896K, reserved 1114112K
  class space    used 5492K, committed 5952K, reserved 1048576K
}
Event: 75.144 GC heap before
{Heap before GC invocations=10 (full 0):
 garbage-first heap   total 68608K, used 60130K [0x0000000080000000, 0x0000000100000000)
  region size 1024K, 36 young (36864K), 4 survivors (4096K)
 Metaspace       used 44380K, committed 45504K, reserved 1114112K
  class space    used 6254K, committed 6784K, reserved 1048576K
}
Event: 75.151 GC heap after
{Heap after GC invocations=11 (full 0):
 garbage-first heap   total 68608K, used 29035K [0x0000000080000000, 0x0000000100000000)
  region size 1024K, 4 young (4096K), 4 survivors (4096K)
 Metaspace       used 44380K, committed 45504K, reserved 1114112K
  class space    used 6254K, committed 6784K, reserved 1048576K
}
Event: 78.662 GC heap before
{Heap before GC invocations=11 (full 0):
 garbage-first heap   total 68608K, used 59755K [0x0000000080000000, 0x0000000100000000)
  region size 1024K, 35 young (35840K), 4 survivors (4096K)
 Metaspace       used 49526K, committed 50880K, reserved 1114112K
  class space    used 6862K, committed 7488K, reserved 1048576K
}
Event: 78.669 GC heap after
{Heap after GC invocations=12 (full 0):
 garbage-first heap   total 68608K, used 32679K [0x0000000080000000, 0x0000000100000000)
  region size 1024K, 5 young (5120K), 5 survivors (5120K)
 Metaspace       used 49526K, committed 50880K, reserved 1114112K
  class space    used 6862K, committed 7488K, reserved 1048576K
}
Event: 79.719 GC heap before
{Heap before GC invocations=12 (full 0):
 garbage-first heap   total 68608K, used 60327K [0x0000000080000000, 0x0000000100000000)
  region size 1024K, 32 young (32768K), 5 survivors (5120K)
 Metaspace       used 52967K, committed 54400K, reserved 1114112K
  class space    used 7439K, committed 8128K, reserved 1048576K
}
Event: 79.728 GC heap after
{Heap after GC invocations=13 (full 0):
 garbage-first heap   total 68608K, used 34599K [0x0000000080000000, 0x0000000100000000)
  region size 1024K, 2 young (2048K), 2 survivors (2048K)
 Metaspace       used 52967K, committed 54400K, reserved 1114112K
  class space    used 7439K, committed 8128K, reserved 1048576K
}
Event: 81.394 GC heap before
{Heap before GC invocations=13 (full 0):
 garbage-first heap   total 68608K, used 59175K [0x0000000080000000, 0x0000000100000000)
  region size 1024K, 27 young (27648K), 2 survivors (2048K)
 Metaspace       used 55052K, committed 56576K, reserved 1114112K
  class space    used 7775K, committed 8512K, reserved 1048576K
}
Event: 81.402 GC heap after
{Heap after GC invocations=14 (full 0):
 garbage-first heap   total 68608K, used 37888K [0x0000000080000000, 0x0000000100000000)
  region size 1024K, 4 young (4096K), 4 survivors (4096K)
 Metaspace       used 55052K, committed 56576K, reserved 1114112K
  class space    used 7775K, committed 8512K, reserved 1048576K
}
Event: 83.162 GC heap before
{Heap before GC invocations=15 (full 0):
 garbage-first heap   total 68608K, used 62464K [0x0000000080000000, 0x0000000100000000)
  region size 1024K, 26 young (26624K), 4 survivors (4096K)
 Metaspace       used 56186K, committed 57856K, reserved 1114112K
  class space    used 7970K, committed 8768K, reserved 1048576K
}
Event: 83.203 GC heap after
{Heap after GC invocations=16 (full 0):
 garbage-first heap   total 71680K, used 43841K [0x0000000080000000, 0x0000000100000000)
  region size 1024K, 4 young (4096K), 4 survivors (4096K)
 Metaspace       used 56186K, committed 57856K, reserved 1114112K
  class space    used 7970K, committed 8768K, reserved 1048576K
}
Event: 86.990 GC heap before
{Heap before GC invocations=16 (full 0):
 garbage-first heap   total 71680K, used 63297K [0x0000000080000000, 0x0000000100000000)
  region size 1024K, 23 young (23552K), 4 survivors (4096K)
 Metaspace       used 58007K, committed 59712K, reserved 1114112K
  class space    used 8265K, committed 9088K, reserved 1048576K
}
Event: 86.997 GC heap after
{Heap after GC invocations=17 (full 0):
 garbage-first heap   total 95232K, used 45346K [0x0000000080000000, 0x0000000100000000)
  region size 1024K, 2 young (2048K), 2 survivors (2048K)
 Metaspace       used 58007K, committed 59712K, reserved 1114112K
  class space    used 8265K, committed 9088K, reserved 1048576K
}
Event: 89.995 GC heap before
{Heap before GC invocations=17 (full 0):
 garbage-first heap   total 95232K, used 77090K [0x0000000080000000, 0x0000000100000000)
  region size 1024K, 34 young (34816K), 2 survivors (2048K)
 Metaspace       used 62151K, committed 64000K, reserved 1114112K
  class space    used 8914K, committed 9792K, reserved 1048576K
}
Event: 90.001 GC heap after
{Heap after GC invocations=18 (full 0):
 garbage-first heap   total 95232K, used 46703K [0x0000000080000000, 0x0000000100000000)
  region size 1024K, 3 young (3072K), 3 survivors (3072K)
 Metaspace       used 62151K, committed 64000K, reserved 1114112K
  class space    used 8914K, committed 9792K, reserved 1048576K
}
Event: 92.765 GC heap before
{Heap before GC invocations=19 (full 0):
 garbage-first heap   total 95232K, used 79471K [0x0000000080000000, 0x0000000100000000)
  region size 1024K, 36 young (36864K), 3 survivors (3072K)
 Metaspace       used 69784K, committed 71616K, reserved 1114112K
  class space    used 9943K, committed 10816K, reserved 1048576K
}
Event: 92.775 GC heap after
{Heap after GC invocations=20 (full 0):
 garbage-first heap   total 95232K, used 50243K [0x0000000080000000, 0x0000000100000000)
  region size 1024K, 5 young (5120K), 5 survivors (5120K)
 Metaspace       used 69784K, committed 71616K, reserved 1114112K
  class space    used 9943K, committed 10816K, reserved 1048576K
}

