# JRE version: OpenJDK Runtime Environment (21.0.9) (build 21.0.9+-14787801-b1163.94)
# Java VM: OpenJDK 64-Bit Server VM (21.0.9+-14787801-b1163.94, mixed mode, tiered, compressed oops, compressed class ptrs, g1 gc, windows-amd64)
GC Precious Log:
 CardTable entry size: 512
 Card Set container configuration: InlinePtr #cards 5 size 8 Array Of Cards #cards 12 size 40 Howl #buckets 4 coarsen threshold 1843 Howl Bitmap #cards 512 size 80 coarsen threshold 460 Card regions per heap region 1 cards per card region 2048
 CPUs: 8 total, 8 available
 Memory: 8029M
 Large Page Support: Disabled
 NUMA Support: Disabled
 Compressed Oops: Enabled (32-bit)
 Heap Region Size: 1M
 Heap Min Capacity: 8M
 Heap Initial Capacity: 126M
 Heap Max Capacity: 2G
 Pre-touch: Disabled
 Parallel Workers: 8
 Concurrent Workers: 2
 Concurrent Refinement Workers: 8
 Periodic GC: Disabled
Heap:
 garbage-first heap   total 190464K, used 138174K [0x0000000080000000, 0x0000000100000000)
  region size 1024K, 10 young (10240K), 5 survivors (5120K)
 Metaspace       used 113077K, committed 115392K, reserved 1179648K
  class space    used 15770K, committed 16896K, reserved 1048576K
GC Heap History (20 events):
Event: 35.883 GC heap before
{Heap before GC invocations=30 (full 0):
 garbage-first heap   total 137216K, used 120135K [0x0000000080000000, 0x0000000100000000)
  region size 1024K, 36 young (36864K), 3 survivors (3072K)
 Metaspace       used 83917K, committed 85888K, reserved 1179648K
  class space    used 11639K, committed 12608K, reserved 1048576K
}
Event: 35.891 GC heap after
{Heap after GC invocations=31 (full 0):
 garbage-first heap   total 137216K, used 90217K [0x0000000080000000, 0x0000000100000000)
  region size 1024K, 5 young (5120K), 5 survivors (5120K)
 Metaspace       used 83917K, committed 85888K, reserved 1179648K
  class space    used 11639K, committed 12608K, reserved 1048576K
}
Event: 36.696 GC heap before
{Heap before GC invocations=32 (full 0):
 garbage-first heap   total 158720K, used 131177K [0x0000000080000000, 0x0000000100000000)
  region size 1024K, 41 young (41984K), 5 survivors (5120K)
 Metaspace       used 88199K, committed 90304K, reserved 1179648K
  class space    used 12219K, committed 13248K, reserved 1048576K
}
Event: 36.704 GC heap after
{Heap after GC invocations=33 (full 0):
 garbage-first heap   total 158720K, used 97115K [0x0000000080000000, 0x0000000100000000)
  region size 1024K, 5 young (5120K), 5 survivors (5120K)
 Metaspace       used 88199K, committed 90304K, reserved 1179648K
  class space    used 12219K, committed 13248K, reserved 1048576K
}
Event: 37.654 GC heap before
{Heap before GC invocations=33 (full 0):
 garbage-first heap   total 158720K, used 144219K [0x0000000080000000, 0x0000000100000000)
  region size 1024K, 51 young (52224K), 5 survivors (5120K)
 Metaspace       used 90996K, committed 93120K, reserved 1179648K
  class space    used 12615K, committed 13632K, reserved 1048576K
}
Event: 37.664 GC heap after
{Heap after GC invocations=34 (full 0):
 garbage-first heap   total 158720K, used 99304K [0x0000000080000000, 0x0000000100000000)
  region size 1024K, 6 young (6144K), 6 survivors (6144K)
 Metaspace       used 90996K, committed 93120K, reserved 1179648K
  class space    used 12615K, committed 13632K, reserved 1048576K
}
Event: 38.443 GC heap before
{Heap before GC invocations=34 (full 0):
 garbage-first heap   total 158720K, used 144360K [0x0000000080000000, 0x0000000100000000)
  region size 1024K, 50 young (51200K), 6 survivors (6144K)
 Metaspace       used 93220K, committed 95360K, reserved 1179648K
  class space    used 12917K, committed 13952K, reserved 1048576K
}
Event: 38.451 GC heap after
{Heap after GC invocations=35 (full 0):
 garbage-first heap   total 158720K, used 103099K [0x0000000080000000, 0x0000000100000000)
  region size 1024K, 7 young (7168K), 7 survivors (7168K)
 Metaspace       used 93220K, committed 95360K, reserved 1179648K
  class space    used 12917K, committed 13952K, reserved 1048576K
}
Event: 39.475 GC heap before
{Heap before GC invocations=36 (full 0):
 garbage-first heap   total 173056K, used 146107K [0x0000000080000000, 0x0000000100000000)
  region size 1024K, 49 young (50176K), 7 survivors (7168K)
 Metaspace       used 96715K, committed 98816K, reserved 1179648K
  class space    used 13561K, committed 14592K, reserved 1048576K
}
Event: 39.482 GC heap after
{Heap after GC invocations=37 (full 0):
 garbage-first heap   total 173056K, used 104436K [0x0000000080000000, 0x0000000100000000)
  region size 1024K, 5 young (5120K), 5 survivors (5120K)
 Metaspace       used 96715K, committed 98816K, reserved 1179648K
  class space    used 13561K, committed 14592K, reserved 1048576K
}
Event: 40.808 GC heap before
{Heap before GC invocations=37 (full 0):
 garbage-first heap   total 173056K, used 158708K [0x0000000080000000, 0x0000000100000000)
  region size 1024K, 58 young (59392K), 5 survivors (5120K)
 Metaspace       used 100996K, committed 103232K, reserved 1179648K
  class space    used 14210K, committed 15296K, reserved 1048576K
}
Event: 40.818 GC heap after
{Heap after GC invocations=38 (full 0):
 garbage-first heap   total 173056K, used 106619K [0x0000000080000000, 0x0000000100000000)
  region size 1024K, 5 young (5120K), 5 survivors (5120K)
 Metaspace       used 100996K, committed 103232K, reserved 1179648K
  class space    used 14210K, committed 15296K, reserved 1048576K
}
Event: 42.392 GC heap before
{Heap before GC invocations=38 (full 0):
 garbage-first heap   total 173056K, used 159867K [0x0000000080000000, 0x0000000100000000)
  region size 1024K, 57 young (58368K), 5 survivors (5120K)
 Metaspace       used 105180K, committed 107456K, reserved 1179648K
  class space    used 14839K, committed 15936K, reserved 1048576K
}
Event: 42.402 GC heap after
{Heap after GC invocations=39 (full 0):
 garbage-first heap   total 173056K, used 109761K [0x0000000080000000, 0x0000000100000000)
  region size 1024K, 8 young (8192K), 8 survivors (8192K)
 Metaspace       used 105180K, committed 107456K, reserved 1179648K
  class space    used 14839K, committed 15936K, reserved 1048576K
}
Event: 43.515 GC heap before
{Heap before GC invocations=40 (full 0):
 garbage-first heap   total 184320K, used 160961K [0x0000000080000000, 0x0000000100000000)
  region size 1024K, 58 young (59392K), 8 survivors (8192K)
 Metaspace       used 109752K, committed 112000K, reserved 1179648K
  class space    used 15469K, committed 16512K, reserved 1048576K
}
Event: 43.529 GC heap after
{Heap after GC invocations=41 (full 0):
 garbage-first heap   total 184320K, used 113388K [0x0000000080000000, 0x0000000100000000)
  region size 1024K, 7 young (7168K), 7 survivors (7168K)
 Metaspace       used 109752K, committed 112000K, reserved 1179648K
  class space    used 15469K, committed 16512K, reserved 1048576K
}
Event: 44.544 GC heap before
{Heap before GC invocations=41 (full 0):
 garbage-first heap   total 184320K, used 171756K [0x0000000080000000, 0x0000000100000000)
  region size 1024K, 64 young (65536K), 7 survivors (7168K)
 Metaspace       used 110974K, committed 113216K, reserved 1179648K
  class space    used 15627K, committed 16704K, reserved 1048576K
}
Event: 44.564 GC heap after
{Heap after GC invocations=42 (full 0):
 garbage-first heap   total 190464K, used 122756K [0x0000000080000000, 0x0000000100000000)
  region size 1024K, 8 young (8192K), 8 survivors (8192K)
 Metaspace       used 110974K, committed 113216K, reserved 1179648K
  class space    used 15627K, committed 16704K, reserved 1048576K
}
Event: 44.879 GC heap before
{Heap before GC invocations=42 (full 0):
 garbage-first heap   total 190464K, used 139140K [0x0000000080000000, 0x0000000100000000)
  region size 1024K, 26 young (26624K), 8 survivors (8192K)
 Metaspace       used 112128K, committed 114368K, reserved 1179648K
  class space    used 15716K, committed 16768K, reserved 1048576K
}
Event: 44.892 GC heap after
{Heap after GC invocations=43 (full 0):
 garbage-first heap   total 190464K, used 128958K [0x0000000080000000, 0x0000000100000000)
  region size 1024K, 5 young (5120K), 5 survivors (5120K)
 Metaspace       used 112128K, committed 114368K, reserved 1179648K
  class space    used 15716K, committed 16768K, reserved 1048576K
}

