# JRE version: OpenJDK Runtime Environment (21.0.9) (build 21.0.9+-14787801-b1163.94)
# Java VM: OpenJDK 64-Bit Server VM (21.0.9+-14787801-b1163.94, mixed mode, tiered, compressed oops, compressed class ptrs, g1 gc, windows-amd64)
GC Precious Log:
 CardTable entry size: 512
 Card Set container configuration: InlinePtr #cards 5 size 8 Array Of Cards #cards 12 size 40 Howl #buckets 4 coarsen threshold 1843 Howl Bitmap #cards 512 size 80 coarsen threshold 460 Card regions per heap region 1 cards per card region 2048
 CPUs: 8 total, 8 available
 Memory: 8029M
 Large Page Support: Disabled
 NUMA Support: Disabled
 Compressed Oops: Enabled (32-bit)
 Heap Region Size: 1M
 Heap Min Capacity: 8M
 Heap Initial Capacity: 126M
 Heap Max Capacity: 2G
 Pre-touch: Disabled
 Parallel Workers: 8
 Concurrent Workers: 2
 Concurrent Refinement Workers: 8
 Periodic GC: Disabled
Heap:
 garbage-first heap   total 332800K, used 243395K [0x0000000080000000, 0x0000000100000000)
  region size 1024K, 53 young (54272K), 9 survivors (9216K)
 Metaspace       used 151655K, committed 154304K, reserved 1245184K
  class space    used 20541K, committed 21824K, reserved 1048576K
GC Heap History (20 events):
Event: 24.856 GC heap before
{Heap before GC invocations=40 (full 0):
 garbage-first heap   total 237568K, used 218231K [0x0000000080000000, 0x0000000100000000)
  region size 1024K, 81 young (82944K), 7 survivors (7168K)
 Metaspace       used 123706K, committed 126080K, reserved 1179648K
  class space    used 17062K, committed 18240K, reserved 1048576K
}
Event: 24.869 GC heap after
{Heap after GC invocations=41 (full 0):
 garbage-first heap   total 237568K, used 149093K [0x0000000080000000, 0x0000000100000000)
  region size 1024K, 10 young (10240K), 10 survivors (10240K)
 Metaspace       used 123706K, committed 126080K, reserved 1179648K
  class space    used 17062K, committed 18240K, reserved 1048576K
}
Event: 25.818 GC heap before
{Heap before GC invocations=42 (full 0):
 garbage-first heap   total 250880K, used 218725K [0x0000000080000000, 0x0000000100000000)
  region size 1024K, 79 young (80896K), 10 survivors (10240K)
 Metaspace       used 126622K, committed 129024K, reserved 1179648K
  class space    used 17407K, committed 18560K, reserved 1048576K
}
Event: 25.830 GC heap after
{Heap after GC invocations=43 (full 0):
 garbage-first heap   total 250880K, used 155508K [0x0000000080000000, 0x0000000100000000)
  region size 1024K, 7 young (7168K), 7 survivors (7168K)
 Metaspace       used 126622K, committed 129024K, reserved 1179648K
  class space    used 17407K, committed 18560K, reserved 1048576K
}
Event: 31.434 GC heap before
{Heap before GC invocations=43 (full 0):
 garbage-first heap   total 250880K, used 230260K [0x0000000080000000, 0x0000000100000000)
  region size 1024K, 81 young (82944K), 7 survivors (7168K)
 Metaspace       used 136202K, committed 138688K, reserved 1179648K
  class space    used 18636K, committed 19840K, reserved 1048576K
}
Event: 31.444 GC heap after
{Heap after GC invocations=44 (full 0):
 garbage-first heap   total 250880K, used 161734K [0x0000000080000000, 0x0000000100000000)
  region size 1024K, 7 young (7168K), 7 survivors (7168K)
 Metaspace       used 136202K, committed 138688K, reserved 1179648K
  class space    used 18636K, committed 19840K, reserved 1048576K
}
Event: 53.443 GC heap before
{Heap before GC invocations=44 (full 0):
 garbage-first heap   total 250880K, used 231366K [0x0000000080000000, 0x0000000100000000)
  region size 1024K, 76 young (77824K), 7 survivors (7168K)
 Metaspace       used 142124K, committed 144640K, reserved 1179648K
  class space    used 19236K, committed 20480K, reserved 1048576K
}
Event: 53.471 GC heap after
{Heap after GC invocations=45 (full 0):
 garbage-first heap   total 250880K, used 165120K [0x0000000080000000, 0x0000000100000000)
  region size 1024K, 4 young (4096K), 4 survivors (4096K)
 Metaspace       used 142124K, committed 144640K, reserved 1179648K
  class space    used 19236K, committed 20480K, reserved 1048576K
}
Event: 55.194 GC heap before
{Heap before GC invocations=46 (full 0):
 garbage-first heap   total 276480K, used 233728K [0x0000000080000000, 0x0000000100000000)
  region size 1024K, 72 young (73728K), 4 survivors (4096K)
 Metaspace       used 143511K, committed 145984K, reserved 1179648K
  class space    used 19411K, committed 20608K, reserved 1048576K
}
Event: 55.209 GC heap after
{Heap after GC invocations=47 (full 0):
 garbage-first heap   total 276480K, used 172335K [0x0000000080000000, 0x0000000100000000)
  region size 1024K, 9 young (9216K), 9 survivors (9216K)
 Metaspace       used 143511K, committed 145984K, reserved 1179648K
  class space    used 19411K, committed 20608K, reserved 1048576K
}
Event: 56.319 GC heap before
{Heap before GC invocations=47 (full 0):
 garbage-first heap   total 276480K, used 254255K [0x0000000080000000, 0x0000000100000000)
  region size 1024K, 89 young (91136K), 9 survivors (9216K)
 Metaspace       used 145703K, committed 148352K, reserved 1179648K
  class space    used 19740K, committed 20992K, reserved 1048576K
}
Event: 56.358 GC heap after
{Heap after GC invocations=48 (full 0):
 garbage-first heap   total 278528K, used 183806K [0x0000000080000000, 0x0000000100000000)
  region size 1024K, 12 young (12288K), 12 survivors (12288K)
 Metaspace       used 145703K, committed 148352K, reserved 1179648K
  class space    used 19740K, committed 20992K, reserved 1048576K
}
Event: 57.311 GC heap before
{Heap before GC invocations=48 (full 0):
 garbage-first heap   total 278528K, used 253438K [0x0000000080000000, 0x0000000100000000)
  region size 1024K, 81 young (82944K), 12 survivors (12288K)
 Metaspace       used 146197K, committed 148736K, reserved 1179648K
  class space    used 19826K, committed 21056K, reserved 1048576K
}
Event: 57.329 GC heap after
{Heap after GC invocations=49 (full 0):
 garbage-first heap   total 278528K, used 189836K [0x0000000080000000, 0x0000000100000000)
  region size 1024K, 6 young (6144K), 6 survivors (6144K)
 Metaspace       used 146197K, committed 148736K, reserved 1179648K
  class space    used 19826K, committed 21056K, reserved 1048576K
}
Event: 59.022 GC heap before
{Heap before GC invocations=50 (full 0):
 garbage-first heap   total 317440K, used 256396K [0x0000000080000000, 0x0000000100000000)
  region size 1024K, 72 young (73728K), 6 survivors (6144K)
 Metaspace       used 148859K, committed 151552K, reserved 1179648K
  class space    used 20192K, committed 21504K, reserved 1048576K
}
Event: 59.034 GC heap after
{Heap after GC invocations=51 (full 0):
 garbage-first heap   total 317440K, used 194380K [0x0000000080000000, 0x0000000100000000)
  region size 1024K, 9 young (9216K), 9 survivors (9216K)
 Metaspace       used 148859K, committed 151552K, reserved 1179648K
  class space    used 20192K, committed 21504K, reserved 1048576K
}
Event: 61.012 GC heap before
{Heap before GC invocations=51 (full 0):
 garbage-first heap   total 317440K, used 288588K [0x0000000080000000, 0x0000000100000000)
  region size 1024K, 102 young (104448K), 9 survivors (9216K)
 Metaspace       used 149696K, committed 152320K, reserved 1179648K
  class space    used 20305K, committed 21632K, reserved 1048576K
}
Event: 61.036 GC heap after
{Heap after GC invocations=52 (full 0):
 garbage-first heap   total 317440K, used 194412K [0x0000000080000000, 0x0000000100000000)
  region size 1024K, 9 young (9216K), 9 survivors (9216K)
 Metaspace       used 149696K, committed 152320K, reserved 1179648K
  class space    used 20305K, committed 21632K, reserved 1048576K
}
Event: 64.649 GC heap before
{Heap before GC invocations=52 (full 0):
 garbage-first heap   total 317440K, used 292716K [0x0000000080000000, 0x0000000100000000)
  region size 1024K, 106 young (108544K), 9 survivors (9216K)
 Metaspace       used 151050K, committed 153664K, reserved 1245184K
  class space    used 20461K, committed 21760K, reserved 1048576K
}
Event: 64.671 GC heap after
{Heap after GC invocations=53 (full 0):
 garbage-first heap   total 317440K, used 199363K [0x0000000080000000, 0x0000000100000000)
  region size 1024K, 9 young (9216K), 9 survivors (9216K)
 Metaspace       used 151050K, committed 153664K, reserved 1245184K
  class space    used 20461K, committed 21760K, reserved 1048576K
}

